RUN	GoRest.RequestSimulation	requestsimulation	1639945082990	SampleText	3.7.2
USER	Post/Get Author by ID	START	1639945083780
USER	Delete Author	START	1639945083780
USER	Put Books	START	1639945083781
USER	Get Authors	START	1639945083778
USER	Put Books	START	1639945083976
USER	Post/Get Author by ID	START	1639945083976
USER	Delete Author	START	1639945083976
USER	Get Authors	START	1639945083976
REQUEST		Put Author	1639945083802	1639945083985	OK	 
REQUEST		Post Author	1639945083802	1639945083981	OK	 
REQUEST		Post Author	1639945083802	1639945083982	OK	 
REQUEST		Get Author by ID	1639945083802	1639945084029	OK	 
REQUEST		Put Author	1639945084027	1639945084070	OK	 
REQUEST		Delete Author	1639945084027	1639945084072	OK	 
USER	Delete Author	END	1639945084074
REQUEST		Post Author	1639945083977	1639945084148	OK	 
REQUEST		Post Author	1639945083977	1639945084157	OK	 
REQUEST		Put Author	1639945083977	1639945084164	OK	 
USER	Put Books	START	1639945084166
USER	Post/Get Author by ID	START	1639945084177
USER	Delete Author	START	1639945084177
USER	Get Authors	START	1639945084177
REQUEST		Get Author by ID	1639945083976	1639945084201	OK	 
REQUEST		Put Author	1639945084158	1639945084201	OK	 
REQUEST		Delete Author	1639945084165	1639945084207	OK	 
USER	Delete Author	END	1639945084208
REQUEST		Post Author	1639945084166	1639945084344	OK	 
REQUEST		Put Author	1639945084178	1639945084356	OK	 
REQUEST		Post Author	1639945084178	1639945084359	OK	 
USER	Put Books	START	1639945084376
USER	Post/Get Author by ID	START	1639945084376
USER	Get Authors	START	1639945084376
USER	Delete Author	START	1639945084376
REQUEST		Put Author	1639945084345	1639945084390	OK	 
REQUEST		Get Author by ID	1639945084178	1639945084391	OK	 
REQUEST		Delete Author	1639945084356	1639945084398	OK	 
USER	Delete Author	END	1639945084398
REQUEST		Post Author	1639945084376	1639945084551	OK	 
REQUEST		Post Author	1639945084376	1639945084552	OK	 
REQUEST		Put Author	1639945084377	1639945084556	OK	 
USER	Post/Get Author by ID	START	1639945084575
USER	Put Books	START	1639945084575
USER	Delete Author	START	1639945084576
USER	Get Authors	START	1639945084575
REQUEST		Put Author	1639945084552	1639945084594	OK	 
REQUEST		Get Author by ID	1639945084376	1639945084597	OK	 
REQUEST		Delete Author	1639945084557	1639945084600	OK	 
USER	Delete Author	END	1639945084600
REQUEST		Post Author	1639945084576	1639945084740	OK	 
REQUEST		Put Author	1639945084576	1639945084743	OK	 
REQUEST		Post Author	1639945084576	1639945084758	OK	 
USER	Put Books	START	1639945084775
USER	Delete Author	START	1639945084775
USER	Post/Get Author by ID	START	1639945084776
USER	Get Authors	START	1639945084775
REQUEST		Put Author	1639945084740	1639945084782	OK	 
REQUEST		Delete Author	1639945084743	1639945084787	OK	 
USER	Delete Author	END	1639945084788
REQUEST		Get Author by ID	1639945084576	1639945084802	OK	 
REQUEST		Post Author	1639945084776	1639945084943	OK	 
REQUEST		Put Author	1639945084775	1639945084950	OK	 
REQUEST		Post Author	1639945084775	1639945084954	OK	 
USER	Post/Get Author by ID	START	1639945084976
USER	Delete Author	START	1639945084976
USER	Put Books	START	1639945084976
USER	Get Authors	START	1639945084976
REQUEST		Delete Author	1639945084950	1639945084992	OK	 
USER	Delete Author	END	1639945084993
REQUEST		Put Author	1639945084955	1639945084999	OK	 
REQUEST		Get Author by ID	1639945084775	1639945084999	OK	 
USER	Get Authors	END	1639945085038
USER	Put Books	END	1639945085083
REQUEST		Get Author	1639945085038	1639945085083	KO	status.find.in(200,201,202,203,204,205,206,207,208,209,304), found 404
REQUEST		Put Author	1639945084976	1639945085150	OK	 
REQUEST		Post Author	1639945084976	1639945085152	OK	 
REQUEST		Post Author	1639945084976	1639945085152	OK	 
USER	Delete Author	START	1639945085176
USER	Post/Get Author by ID	START	1639945085176
USER	Put Books	START	1639945085176
USER	Get Authors	START	1639945085176
REQUEST		Get Author by ID	1639945084976	1639945085189	OK	 
REQUEST		Delete Author	1639945085151	1639945085192	OK	 
USER	Delete Author	END	1639945085192
REQUEST		Put Author	1639945085153	1639945085203	OK	 
REQUEST		Get Author	1639945085160	1639945085204	OK	 
USER	Put Books	END	1639945085207
USER	Get Authors	END	1639945085207
REQUEST		Post Author	1639945085176	1639945085341	OK	 
REQUEST		Put Author	1639945085176	1639945085347	OK	 
REQUEST		Post Author	1639945085176	1639945085347	OK	 
USER	Post/Get Author by ID	START	1639945085375
USER	Put Books	START	1639945085375
USER	Get Authors	START	1639945085375
USER	Delete Author	START	1639945085375
REQUEST		Delete Author	1639945085347	1639945085391	OK	 
USER	Delete Author	END	1639945085391
REQUEST		Put Author	1639945085348	1639945085394	OK	 
REQUEST		Get Author by ID	1639945085176	1639945085402	OK	 
REQUEST		Get Author	1639945085360	1639945085404	OK	 
USER	Put Books	END	1639945085406
USER	Get Authors	END	1639945085406
REQUEST		Put Author	1639945085376	1639945085549	OK	 
REQUEST		Post Author	1639945085376	1639945085555	OK	 
REQUEST		Post Author	1639945085376	1639945085558	OK	 
USER	Post/Get Author by ID	START	1639945085575
USER	Get Authors	START	1639945085575
USER	Put Books	START	1639945085575
USER	Delete Author	START	1639945085575
REQUEST		Get Author by ID	1639945085376	1639945085583	OK	 
REQUEST		Delete Author	1639945085550	1639945085595	OK	 
USER	Delete Author	END	1639945085595
REQUEST		Put Author	1639945085555	1639945085598	OK	 
REQUEST		Get Author	1639945085559	1639945085603	KO	status.find.in(200,201,202,203,204,205,206,207,208,209,304), found 404
USER	Get Authors	END	1639945085605
USER	Put Books	END	1639945085605
REQUEST		Post Author	1639945085575	1639945085741	OK	 
REQUEST		Put Author	1639945085575	1639945085741	OK	 
REQUEST		Post Author	1639945085575	1639945085744	OK	 
USER	Post/Get Author by ID	START	1639945085775
USER	Get Authors	START	1639945085775
USER	Put Books	START	1639945085775
USER	Delete Author	START	1639945085775
REQUEST		Delete Author	1639945085741	1639945085783	OK	 
REQUEST		Put Author	1639945085742	1639945085783	OK	 
USER	Delete Author	END	1639945085784
USER	Put Books	END	1639945085790
USER	Get Authors	END	1639945085805
REQUEST		Get Author by ID	1639945085575	1639945085805	OK	 
REQUEST		Get Author	1639945085775	1639945085820	KO	status.find.in(200,201,202,203,204,205,206,207,208,209,304), found 404
REQUEST		Post Author	1639945085775	1639945085941	OK	 
REQUEST		Post Author	1639945085775	1639945085943	OK	 
REQUEST		Put Author	1639945085775	1639945085947	OK	 
USER	Delete Author	START	1639945085974
USER	Get Authors	START	1639945085974
USER	Post/Get Author by ID	START	1639945085974
USER	Put Books	START	1639945085974
REQUEST		Get Author by ID	1639945085775	1639945085980	OK	 
REQUEST		Put Author	1639945085942	1639945085983	OK	 
REQUEST		Delete Author	1639945085947	1639945085990	OK	 
USER	Delete Author	END	1639945085991
REQUEST		Get Author	1639945085959	1639945086002	OK	 
USER	Get Authors	END	1639945086005
USER	Put Books	END	1639945086005
USER	Post/Get Author by ID	END	1639945086096
REQUEST		Post Author	1639945085974	1639945086149	OK	 
REQUEST		Post Author	1639945085975	1639945086151	OK	 
REQUEST		Put Author	1639945085974	1639945086151	OK	 
USER	Get Authors	START	1639945086172
USER	Delete Author	START	1639945086172
USER	Put Books	START	1639945086172
USER	Post/Get Author by ID	START	1639945086172
REQUEST		Get Author by ID	1639945085974	1639945086191	OK	 
REQUEST		Delete Author	1639945086151	1639945086195	OK	 
REQUEST		Put Author	1639945086151	1639945086195	OK	 
USER	Delete Author	END	1639945086195
USER	Get Authors	END	1639945086195
REQUEST		Get Author	1639945086157	1639945086199	OK	 
USER	Post/Get Author by ID	END	1639945086213
USER	Put Books	END	1639945086218
REQUEST		Put Author	1639945086172	1639945086339	OK	 
REQUEST		Post Author	1639945086172	1639945086341	OK	 
REQUEST		Post Author	1639945086172	1639945086343	OK	 
USER	Put Books	START	1639945086374
USER	Delete Author	START	1639945086374
USER	Post/Get Author by ID	START	1639945086374
USER	Get Authors	START	1639945086375
REQUEST		Get Author by ID	1639945086172	1639945086382	OK	 
REQUEST		Delete Author	1639945086340	1639945086382	OK	 
USER	Delete Author	END	1639945086383
REQUEST		Put Author	1639945086342	1639945086384	OK	 
REQUEST		Get Author	1639945086344	1639945086388	OK	 
USER	Put Books	END	1639945086406
USER	Get Authors	END	1639945086406
USER	Post/Get Author by ID	END	1639945086406
REQUEST		Put Author	1639945086375	1639945086548	OK	 
REQUEST		Post Author	1639945086376	1639945086548	OK	 
REQUEST		Post Author	1639945086375	1639945086548	OK	 
USER	Get Authors	START	1639945086576
USER	Post/Get Author by ID	START	1639945086576
USER	Delete Author	START	1639945086576
USER	Put Books	START	1639945086576
REQUEST		Get Author by ID	1639945086376	1639945086589	OK	 
USER	Get Authors	END	1639945086591
REQUEST		Put Author	1639945086548	1639945086592	OK	 
REQUEST		Delete Author	1639945086548	1639945086593	OK	 
USER	Delete Author	END	1639945086594
REQUEST		Get Author	1639945086560	1639945086604	OK	 
USER	Post/Get Author by ID	END	1639945086606
USER	Put Books	END	1639945086606
REQUEST		Post Author	1639945086576	1639945086746	OK	 
REQUEST		Put Author	1639945086576	1639945086749	OK	 
REQUEST		Post Author	1639945086577	1639945086755	OK	 
USER	Get Authors	START	1639945086777
USER	Put Books	START	1639945086777
USER	Post/Get Author by ID	START	1639945086777
USER	Delete Author	START	1639945086777
REQUEST		Get Author by ID	1639945086576	1639945086787	OK	 
REQUEST		Get Author	1639945086746	1639945086790	OK	 
REQUEST		Delete Author	1639945086749	1639945086792	OK	 
USER	Put Books	END	1639945086792
USER	Delete Author	END	1639945086792
USER	Get Authors	END	1639945086807
REQUEST		Put Author	1639945086756	1639945086808	OK	 
USER	Post/Get Author by ID	END	1639945086822
REQUEST		Post Author	1639945086778	1639945086940	OK	 
REQUEST		Post Author	1639945086778	1639945086942	OK	 
REQUEST		Put Author	1639945086778	1639945086954	OK	 
USER	Get Authors	START	1639945086975
USER	Put Books	START	1639945086975
USER	Post/Get Author by ID	START	1639945086975
USER	Delete Author	START	1639945086975
REQUEST		Put Author	1639945086943	1639945086985	OK	 
REQUEST		Get Author	1639945086945	1639945086989	OK	 
USER	Get Authors	END	1639945086991
USER	Put Books	END	1639945086991
REQUEST		Get Author by ID	1639945086778	1639945086995	OK	 
REQUEST		Delete Author	1639945086954	1639945086996	OK	 
USER	Delete Author	END	1639945086997
USER	Post/Get Author by ID	END	1639945087006
REQUEST		Post Author	1639945086976	1639945087140	OK	 
REQUEST		Put Author	1639945086976	1639945087140	OK	 
REQUEST		Post Author	1639945086976	1639945087148	OK	 
USER	Get Authors	START	1639945087176
USER	Delete Author	START	1639945087177
USER	Put Books	START	1639945087177
USER	Post/Get Author by ID	START	1639945087176
REQUEST		Delete Author	1639945087141	1639945087183	OK	 
USER	Delete Author	END	1639945087184
REQUEST		Get Author by ID	1639945086976	1639945087191	OK	 
REQUEST		Put Author	1639945087149	1639945087191	OK	 
REQUEST		Get Author	1639945087161	1639945087205	OK	 
USER	Put Books	END	1639945087207
USER	Get Authors	END	1639945087207
USER	Post/Get Author by ID	END	1639945087207
REQUEST		Post Author	1639945087177	1639945087347	OK	 
REQUEST		Post Author	1639945087178	1639945087349	OK	 
REQUEST		Put Author	1639945087177	1639945087349	OK	 
USER	Get Authors	START	1639945087376
USER	Post/Get Author by ID	START	1639945087376
USER	Delete Author	START	1639945087376
USER	Put Books	START	1639945087376
REQUEST		Get Author by ID	1639945087177	1639945087390	OK	 
REQUEST		Get Author	1639945087346	1639945087390	OK	 
REQUEST		Delete Author	1639945087349	1639945087390	OK	 
USER	Delete Author	END	1639945087391
REQUEST		Put Author	1639945087348	1639945087392	OK	 
USER	Get Authors	END	1639945087392
USER	Post/Get Author by ID	END	1639945087392
USER	Put Books	END	1639945087392
REQUEST		Post Author	1639945087376	1639945087542	OK	 
REQUEST		Post Author	1639945087377	1639945087545	OK	 
REQUEST		Put Author	1639945087376	1639945087551	OK	 
USER	Delete Author	START	1639945087577
USER	Get Authors	START	1639945087577
USER	Post/Get Author by ID	START	1639945087577
USER	Put Books	START	1639945087577
REQUEST		Put Author	1639945087545	1639945087587	OK	 
USER	Get Authors	END	1639945087593
USER	Put Books	END	1639945087593
REQUEST		Delete Author	1639945087551	1639945087596	OK	 
USER	Delete Author	END	1639945087596
REQUEST		Get Author by ID	1639945087376	1639945087604	OK	 
USER	Post/Get Author by ID	END	1639945087608
REQUEST		Get Author	1639945087562	1639945087608	OK	 
REQUEST		Post Author	1639945087578	1639945087739	OK	 
REQUEST		Put Author	1639945087578	1639945087742	OK	 
REQUEST		Post Author	1639945087578	1639945087753	OK	 
USER	Post/Get Author by ID	START	1639945087763
USER	Delete Author	START	1639945087763
USER	Put Books	START	1639945087778
USER	Get Authors	START	1639945087778
REQUEST		Delete Author	1639945087742	1639945087784	OK	 
USER	Delete Author	END	1639945087784
USER	Get Authors	END	1639945087794
USER	Post/Get Author by ID	END	1639945087794
REQUEST		Get Author by ID	1639945087578	1639945087798	OK	 
REQUEST		Put Author	1639945087754	1639945087798	OK	 
REQUEST		Get Author	1639945087763	1639945087807	KO	status.find.in(200,201,202,203,204,205,206,207,208,209,304), found 404
USER	Put Books	END	1639945087809
REQUEST		Post Author	1639945087763	1639945087934	OK	 
REQUEST		Put Author	1639945087763	1639945087936	OK	 
REQUEST		Post Author	1639945087778	1639945087946	OK	 
USER	Delete Author	START	1639945087978
USER	Get Authors	START	1639945087978
USER	Post/Get Author by ID	START	1639945087978
USER	Put Books	START	1639945087978
REQUEST		Delete Author	1639945087936	1639945087979	OK	 
USER	Delete Author	END	1639945087980
REQUEST		Get Author by ID	1639945087779	1639945087984	OK	 
REQUEST		Put Author	1639945087946	1639945087990	OK	 
REQUEST		Get Author	1639945087947	1639945087991	KO	status.find.in(200,201,202,203,204,205,206,207,208,209,304), found 404
USER	Post/Get Author by ID	END	1639945087993
USER	Put Books	END	1639945087993
USER	Get Authors	END	1639945088009
REQUEST		Post Author	1639945087978	1639945088145	OK	 
REQUEST		Put Author	1639945087978	1639945088149	OK	 
REQUEST		Post Author	1639945087978	1639945088151	OK	 
USER	Get Authors	START	1639945088177
USER	Post/Get Author by ID	START	1639945088177
USER	Delete Author	START	1639945088177
USER	Put Books	START	1639945088177
REQUEST		Get Author	1639945088147	1639945088189	OK	 
REQUEST		Delete Author	1639945088149	1639945088190	OK	 
USER	Delete Author	END	1639945088191
USER	Get Authors	END	1639945088193
USER	Put Books	END	1639945088193
REQUEST		Put Author	1639945088152	1639945088195	OK	 
REQUEST		Get Author by ID	1639945087978	1639945088203	OK	 
USER	Post/Get Author by ID	END	1639945088209
REQUEST		Put Author	1639945088177	1639945088341	OK	 
REQUEST		Post Author	1639945088177	1639945088344	OK	 
REQUEST		Post Author	1639945088177	1639945088354	OK	 
USER	Put Books	START	1639945088363
USER	Delete Author	START	1639945088363
USER	Get Authors	START	1639945088378
USER	Post/Get Author by ID	START	1639945088378
REQUEST		Delete Author	1639945088342	1639945088383	OK	 
USER	Delete Author	END	1639945088384
REQUEST		Put Author	1639945088344	1639945088387	OK	 
USER	Put Books	END	1639945088393
USER	Post/Get Author by ID	END	1639945088393
USER	Get Authors	END	1639945088393
REQUEST		Get Author by ID	1639945088177	1639945088395	OK	 
REQUEST		Get Author	1639945088363	1639945088406	OK	 
REQUEST		Post Author	1639945088364	1639945088525	OK	 
REQUEST		Put Author	1639945088364	1639945088527	OK	 
REQUEST		Post Author	1639945088378	1639945088549	OK	 
USER	Delete Author	START	1639945088564
USER	Put Books	START	1639945088564
REQUEST		Put Author	1639945088526	1639945088568	OK	 
REQUEST		Delete Author	1639945088527	1639945088569	OK	 
USER	Delete Author	END	1639945088569
USER	Post/Get Author by ID	START	1639945088580
USER	Get Authors	START	1639945088579
REQUEST		Get Author by ID	1639945088378	1639945088584	OK	 
REQUEST		Get Author	1639945088549	1639945088591	OK	 
USER	Put Books	END	1639945088595
USER	Get Authors	END	1639945088604
USER	Post/Get Author by ID	END	1639945088610
REQUEST		Post Author	1639945088564	1639945088729	OK	 
REQUEST		Put Author	1639945088564	1639945088735	OK	 
REQUEST		Post Author	1639945088580	1639945088740	OK	 
REQUEST		Put Author	1639945088730	1639945088772	OK	 
REQUEST		Delete Author	1639945088736	1639945088778	OK	 
USER	Get Authors	START	1639945088779
USER	Delete Author	END	1639945088779
USER	Post/Get Author by ID	START	1639945088779
USER	Delete Author	START	1639945088778
USER	Put Books	START	1639945088778
REQUEST		Get Author by ID	1639945088580	1639945088787	OK	 
REQUEST		Get Author	1639945088748	1639945088791	OK	 
USER	Put Books	END	1639945088809
USER	Post/Get Author by ID	END	1639945088809
USER	Get Authors	END	1639945088809
REQUEST		Put Author	1639945088779	1639945088952	OK	 
REQUEST		Post Author	1639945088779	1639945088954	OK	 
REQUEST		Post Author	1639945088779	1639945088955	OK	 
USER	Get Authors	START	1639945088978
USER	Put Books	START	1639945088978
USER	Delete Author	START	1639945088978
USER	Post/Get Author by ID	START	1639945088979
REQUEST		Get Author	1639945088947	1639945088991	KO	status.find.in(200,201,202,203,204,205,206,207,208,209,304), found 404
USER	Get Authors	END	1639945088993
USER	Put Books	END	1639945088993
USER	Post/Get Author by ID	END	1639945088993
REQUEST		Get Author by ID	1639945088779	1639945088995	OK	 
REQUEST		Delete Author	1639945088952	1639945088995	OK	 
USER	Delete Author	END	1639945088995
REQUEST		Put Author	1639945088955	1639945088998	OK	 
REQUEST		Put Author	1639945088979	1639945089145	OK	 
REQUEST		Post Author	1639945088979	1639945089145	OK	 
REQUEST		Post Author	1639945088979	1639945089148	OK	 
USER	Get Authors	START	1639945089178
USER	Post/Get Author by ID	START	1639945089178
USER	Put Books	START	1639945089178
USER	Delete Author	START	1639945089178
REQUEST		Delete Author	1639945089146	1639945089189	OK	 
REQUEST		Get Author by ID	1639945088978	1639945089189	OK	 
USER	Delete Author	END	1639945089190
REQUEST		Get Author	1639945089147	1639945089191	KO	status.find.in(200,201,202,203,204,205,206,207,208,209,304), found 404
USER	Post/Get Author by ID	END	1639945089193
REQUEST		Put Author	1639945089149	1639945089193	OK	 
USER	Get Authors	END	1639945089208
USER	Put Books	END	1639945089208
REQUEST		Post Author	1639945089178	1639945089351	OK	 
REQUEST		Put Author	1639945089178	1639945089352	OK	 
REQUEST		Post Author	1639945089178	1639945089352	OK	 
USER	Get Authors	START	1639945089378
USER	Post/Get Author by ID	START	1639945089378
USER	Delete Author	START	1639945089378
USER	Put Books	START	1639945089378
USER	Put Books	END	1639945089393
REQUEST		Get Author by ID	1639945089178	1639945089394	OK	 
REQUEST		Delete Author	1639945089353	1639945089396	OK	 
USER	Delete Author	END	1639945089396
REQUEST		Put Author	1639945089353	1639945089403	OK	 
REQUEST		Get Author	1639945089363	1639945089407	OK	 
USER	Get Authors	END	1639945089407
USER	Post/Get Author by ID	END	1639945089407
REQUEST		Put Author	1639945089378	1639945089552	OK	 
REQUEST		Post Author	1639945089379	1639945089553	OK	 
REQUEST		Post Author	1639945089378	1639945089553	OK	 
USER	Get Authors	START	1639945089577
USER	Delete Author	START	1639945089577
USER	Post/Get Author by ID	START	1639945089577
USER	Put Books	END	1639945089577
USER	Put Books	START	1639945089578
USER	Get Authors	END	1639945089592
USER	Post/Get Author by ID	END	1639945089592
REQUEST		Delete Author	1639945089553	1639945089595	OK	 
USER	Delete Author	END	1639945089596
REQUEST		Get Author by ID	1639945089378	1639945089597	OK	 
REQUEST		Put Author	1639945089553	1639945089597	OK	 
REQUEST		Get Author	1639945089562	1639945089606	OK	 
REQUEST		Post Author	1639945089578	1639945089744	OK	 
REQUEST		Post Author	1639945089577	1639945089749	OK	 
REQUEST		Put Author	1639945089577	1639945089749	OK	 
USER	Put Books	END	1639945089777
USER	Get Authors	START	1639945089777
USER	Post/Get Author by ID	START	1639945089777
USER	Put Books	START	1639945089777
USER	Delete Author	START	1639945089777
REQUEST		Put Author	1639945089744	1639945089787	OK	 
REQUEST		Get Author	1639945089746	1639945089790	OK	 
REQUEST		Get Author by ID	1639945089577	1639945089792	OK	 
USER	Post/Get Author by ID	END	1639945089792
USER	Get Authors	END	1639945089792
REQUEST		Delete Author	1639945089749	1639945089792	OK	 
USER	Delete Author	END	1639945089793
REQUEST		Post Author	1639945089777	1639945089945	OK	 
REQUEST		Post Author	1639945089777	1639945089945	OK	 
REQUEST		Put Author	1639945089777	1639945089953	OK	 
USER	Delete Author	START	1639945089977
USER	Put Books	START	1639945089977
USER	Post/Get Author by ID	START	1639945089977
USER	Get Authors	START	1639945089977
REQUEST		Get Author by ID	1639945089777	1639945089982	OK	 
REQUEST		Put Author	1639945089946	1639945089990	OK	 
REQUEST		Delete Author	1639945089954	1639945089997	OK	 
USER	Delete Author	END	1639945089997
REQUEST		Get Author	1639945089961	1639945090004	OK	 
USER	Put Books	END	1639945090007
USER	Get Authors	END	1639945090007
USER	Post/Get Author by ID	END	1639945090007
REQUEST		Post Author	1639945089977	1639945090142	OK	 
REQUEST		Put Author	1639945089977	1639945090144	OK	 
REQUEST		Post Author	1639945089977	1639945090144	OK	 
USER	Post/Get Author by ID	START	1639945090178
USER	Get Authors	START	1639945090178
USER	Delete Author	START	1639945090178
USER	Put Books	START	1639945090178
REQUEST		Put Author	1639945090142	1639945090186	OK	 
REQUEST		Delete Author	1639945090145	1639945090189	OK	 
USER	Delete Author	END	1639945090189
REQUEST		Get Author by ID	1639945089977	1639945090190	OK	 
REQUEST		Get Author	1639945090147	1639945090190	OK	 
USER	Post/Get Author by ID	END	1639945090193
USER	Get Authors	END	1639945090193
USER	Put Books	END	1639945090208
REQUEST		Post Author	1639945090179	1639945090344	OK	 
REQUEST		Put Author	1639945090178	1639945090345	OK	 
REQUEST		Post Author	1639945090178	1639945090345	OK	 
USER	Post/Get Author by ID	START	1639945090377
USER	Get Authors	START	1639945090377
USER	Delete Author	START	1639945090377
USER	Put Books	START	1639945090378
REQUEST		Put Author	1639945090344	1639945090386	OK	 
REQUEST		Delete Author	1639945090345	1639945090387	OK	 
USER	Delete Author	END	1639945090387
REQUEST		Get Author by ID	1639945090178	1639945090391	OK	 
REQUEST		Get Author	1639945090362	1639945090406	OK	 
USER	Put Books	END	1639945090408
USER	Post/Get Author by ID	END	1639945090408
USER	Get Authors	END	1639945090408
REQUEST		Post Author	1639945090377	1639945090545	OK	 
REQUEST		Post Author	1639945090378	1639945090545	OK	 
REQUEST		Put Author	1639945090377	1639945090552	OK	 
USER	Get Authors	START	1639945090578
USER	Post/Get Author by ID	START	1639945090578
USER	Delete Author	START	1639945090578
USER	Put Books	START	1639945090578
REQUEST		Get Author by ID	1639945090377	1639945090584	OK	 
REQUEST		Put Author	1639945090545	1639945090587	OK	 
REQUEST		Delete Author	1639945090553	1639945090594	OK	 
USER	Delete Author	END	1639945090594
REQUEST		Get Author	1639945090562	1639945090607	OK	 
USER	Get Authors	END	1639945090608
USER	Put Books	END	1639945090608
USER	Post/Get Author by ID	END	1639945090608
REQUEST		Put Author	1639945090578	1639945090739	OK	 
REQUEST		Post Author	1639945090578	1639945090742	OK	 
REQUEST		Post Author	1639945090578	1639945090749	OK	 
USER	Get Authors	START	1639945090780
USER	Post/Get Author by ID	START	1639945090780
USER	Put Books	START	1639945090780
USER	Delete Author	START	1639945090780
REQUEST		Delete Author	1639945090740	1639945090781	OK	 
USER	Delete Author	END	1639945090782
USER	Put Books	END	1639945090793
USER	Get Authors	END	1639945090793
USER	Post/Get Author by ID	END	1639945090793
REQUEST		Get Author by ID	1639945090578	1639945090793	OK	 
REQUEST		Put Author	1639945090750	1639945090793	OK	 
REQUEST		Get Author	1639945090761	1639945090807	OK	 
REQUEST		Post Author	1639945090781	1639945090948	OK	 
REQUEST		Post Author	1639945090780	1639945090954	OK	 
REQUEST		Put Author	1639945090781	1639945090954	OK	 
USER	Post/Get Author by ID	START	1639945090976
USER	Delete Author	START	1639945090976
USER	Get Authors	START	1639945090977
USER	Put Books	START	1639945090977
REQUEST		Put Author	1639945090949	1639945090991	OK	 
USER	Get Authors	END	1639945090991
USER	Put Books	END	1639945090991
REQUEST		Get Author by ID	1639945090780	1639945090995	OK	 
REQUEST		Delete Author	1639945090954	1639945090996	OK	 
USER	Delete Author	END	1639945090997
REQUEST		Get Author	1639945090961	1639945091005	OK	 
USER	Post/Get Author by ID	END	1639945091006
REQUEST		Post Author	1639945090976	1639945091146	OK	 
REQUEST		Put Author	1639945090976	1639945091148	OK	 
REQUEST		Post Author	1639945090977	1639945091150	OK	 
USER	Delete Author	START	1639945091175
USER	Post/Get Author by ID	START	1639945091175
USER	Get Authors	START	1639945091176
USER	Put Books	START	1639945091176
REQUEST		Get Author by ID	1639945090977	1639945091185	OK	 
USER	Post/Get Author by ID	END	1639945091190
USER	Put Books	END	1639945091190
USER	Get Authors	END	1639945091190
REQUEST		Delete Author	1639945091148	1639945091191	OK	 
USER	Delete Author	END	1639945091191
REQUEST		Put Author	1639945091150	1639945091201	OK	 
REQUEST		Get Author	1639945091160	1639945091204	OK	 
REQUEST		Post Author	1639945091175	1639945091348	OK	 
REQUEST		Put Author	1639945091175	1639945091349	OK	 
REQUEST		Post Author	1639945091176	1639945091349	OK	 
USER	Post/Get Author by ID	START	1639945091375
USER	Delete Author	START	1639945091375
USER	Get Authors	START	1639945091376
USER	Put Books	START	1639945091376
USER	Put Books	END	1639945091391
REQUEST		Get Author by ID	1639945091176	1639945091392	OK	 
REQUEST		Delete Author	1639945091350	1639945091394	OK	 
REQUEST		Put Author	1639945091350	1639945091394	OK	 
USER	Delete Author	END	1639945091394
REQUEST		Get Author	1639945091360	1639945091403	OK	 
USER	Get Authors	END	1639945091406
USER	Post/Get Author by ID	END	1639945091421
REQUEST		Post Author	1639945091375	1639945091540	OK	 
REQUEST		Post Author	1639945091376	1639945091543	OK	 
REQUEST		Put Author	1639945091375	1639945091545	OK	 
USER	Delete Author	START	1639945091574
USER	Post/Get Author by ID	START	1639945091574
USER	Get Authors	START	1639945091575
USER	Put Books	START	1639945091575
REQUEST		Get Author by ID	1639945091376	1639945091584	OK	 
REQUEST		Put Author	1639945091544	1639945091585	OK	 
REQUEST		Delete Author	1639945091546	1639945091592	OK	 
USER	Delete Author	END	1639945091593
USER	Get Authors	END	1639945091600
REQUEST		Get Author	1639945091559	1639945091601	OK	 
USER	Put Books	END	1639945091609
USER	Post/Get Author by ID	END	1639945091622
REQUEST		Post Author	1639945091575	1639945091740	OK	 
REQUEST		Put Author	1639945091575	1639945091744	OK	 
REQUEST		Post Author	1639945091575	1639945091745	OK	 
USER	Delete Author	START	1639945091777
USER	Post/Get Author by ID	START	1639945091777
USER	Get Authors	START	1639945091778
USER	Put Books	START	1639945091778
REQUEST		Get Author by ID	1639945091575	1639945091783	OK	 
REQUEST		Delete Author	1639945091744	1639945091786	OK	 
USER	Delete Author	END	1639945091786
REQUEST		Put Author	1639945091745	1639945091788	OK	 
REQUEST		Get Author	1639945091747	1639945091795	OK	 
USER	Get Authors	END	1639945091808
USER	Put Books	END	1639945091808
USER	Post/Get Author by ID	END	1639945091822
REQUEST		Post Author	1639945091778	1639945091941	OK	 
REQUEST		Put Author	1639945091777	1639945091941	OK	 
REQUEST		Post Author	1639945091777	1639945091950	OK	 
USER	Post/Get Author by ID	START	1639945091974
USER	Put Books	START	1639945091974
USER	Get Authors	START	1639945091974
USER	Delete Author	START	1639945091974
REQUEST		Put Author	1639945091941	1639945091982	OK	 
REQUEST		Delete Author	1639945091941	1639945091984	OK	 
USER	Delete Author	END	1639945091985
REQUEST		Get Author by ID	1639945091778	1639945091992	OK	 
REQUEST		Get Author	1639945091959	1639945092002	OK	 
USER	Put Books	END	1639945092003
USER	Get Authors	END	1639945092005
USER	Post/Get Author by ID	END	1639945092020
REQUEST		Post Author	1639945091974	1639945092138	OK	 
REQUEST		Post Author	1639945091974	1639945092139	OK	 
REQUEST		Put Author	1639945091974	1639945092143	OK	 
USER	Delete Author	START	1639945092174
USER	Put Books	START	1639945092174
USER	Get Authors	START	1639945092174
USER	Post/Get Author by ID	START	1639945092174
REQUEST		Put Author	1639945092140	1639945092182	OK	 
REQUEST		Get Author by ID	1639945091974	1639945092187	OK	 
REQUEST		Delete Author	1639945092144	1639945092187	OK	 
USER	Delete Author	END	1639945092187
USER	Get Authors	END	1639945092190
REQUEST		Get Author	1639945092159	1639945092203	OK	 
USER	Put Books	END	1639945092203
USER	Post/Get Author by ID	END	1639945092205
REQUEST		Post Author	1639945092174	1639945092335	OK	 
REQUEST		Post Author	1639945092175	1639945092346	OK	 
REQUEST		Put Author	1639945092174	1639945092347	OK	 
USER	Put Books	START	1639945092376
USER	Post/Get Author by ID	START	1639945092376
USER	Get Authors	START	1639945092376
USER	Delete Author	START	1639945092376
REQUEST		Put Author	1639945092336	1639945092377	OK	 
REQUEST		Delete Author	1639945092348	1639945092391	OK	 
REQUEST		Get Author by ID	1639945092174	1639945092391	OK	 
USER	Delete Author	END	1639945092392
USER	Post/Get Author by ID	END	1639945092406
USER	Put Books	END	1639945092406
USER	Get Authors	END	1639945092406
REQUEST		Get Author	1639945092361	1639945092406	KO	status.find.in(200,201,202,203,204,205,206,207,208,209,304), found 404
REQUEST		Post Author	1639945092376	1639945092549	OK	 
REQUEST		Put Author	1639945092376	1639945092550	OK	 
REQUEST		Post Author	1639945092376	1639945092551	OK	 
USER	Post/Get Author by ID	START	1639945092575
USER	Delete Author	START	1639945092575
USER	Put Books	START	1639945092575
USER	Get Authors	START	1639945092575
USER	Put Books	END	1639945092587
USER	Get Authors	END	1639945092591
REQUEST		Get Author	1639945092544	1639945092591	OK	 
REQUEST		Get Author by ID	1639945092376	1639945092595	OK	 
REQUEST		Delete Author	1639945092551	1639945092595	OK	 
REQUEST		Put Author	1639945092551	1639945092595	OK	 
USER	Delete Author	END	1639945092595
USER	Post/Get Author by ID	END	1639945092606
REQUEST		Post Author	1639945092575	1639945092736	OK	 
REQUEST		Put Author	1639945092575	1639945092744	OK	 
REQUEST		Post Author	1639945092575	1639945092745	OK	 
USER	Get Authors	START	1639945092775
USER	Delete Author	START	1639945092775
USER	Put Books	START	1639945092775
USER	Post/Get Author by ID	START	1639945092775
REQUEST		Delete Author	1639945092745	1639945092788	OK	 
USER	Delete Author	END	1639945092788
USER	Put Books	END	1639945092790
USER	Get Authors	END	1639945092790
REQUEST		Get Author by ID	1639945092575	1639945092791	OK	 
REQUEST		Get Author	1639945092744	1639945092792	OK	 
REQUEST		Put Author	1639945092746	1639945092793	OK	 
USER	Post/Get Author by ID	END	1639945092806
REQUEST		Post Author	1639945092775	1639945092943	OK	 
REQUEST		Put Author	1639945092775	1639945092946	OK	 
REQUEST		Post Author	1639945092775	1639945092948	OK	 
USER	Post/Get Author by ID	START	1639945092975
USER	Delete Author	START	1639945092975
USER	Put Books	START	1639945092975
USER	Get Authors	START	1639945092975
REQUEST		Get Author by ID	1639945092775	1639945092988	OK	 
USER	Put Books	END	1639945092990
REQUEST		Put Author	1639945092948	1639945092991	OK	 
REQUEST		Delete Author	1639945092947	1639945092995	OK	 
USER	Delete Author	END	1639945092996
USER	Get Authors	END	1639945093005
USER	Post/Get Author by ID	END	1639945093005
REQUEST		Get Author	1639945092960	1639945093009	KO	status.find.in(200,201,202,203,204,205,206,207,208,209,304), found 404
REQUEST		Put Author	1639945092975	1639945093141	OK	 
REQUEST		Post Author	1639945092975	1639945093142	OK	 
REQUEST		Post Author	1639945092975	1639945093151	OK	 
USER	Delete Author	START	1639945093173
USER	Post/Get Author by ID	START	1639945093173
USER	Put Books	START	1639945093173
USER	Get Authors	START	1639945093174
REQUEST		Delete Author	1639945093142	1639945093184	OK	 
REQUEST		Get Author	1639945093142	1639945093184	OK	 
USER	Delete Author	END	1639945093185
USER	Get Authors	END	1639945093188
USER	Put Books	END	1639945093189
REQUEST		Get Author by ID	1639945092975	1639945093196	OK	 
REQUEST		Put Author	1639945093152	1639945093199	OK	 
USER	Post/Get Author by ID	END	1639945093204
REQUEST		Post Author	1639945093173	1639945093337	OK	 
REQUEST		Put Author	1639945093173	1639945093346	OK	 
REQUEST		Post Author	1639945093174	1639945093347	OK	 
USER	Delete Author	START	1639945093376
USER	Post/Get Author by ID	START	1639945093376
USER	Put Books	START	1639945093376
USER	Get Authors	START	1639945093377
REQUEST		Get Author by ID	1639945093174	1639945093387	OK	 
REQUEST		Put Author	1639945093347	1639945093388	OK	 
REQUEST		Delete Author	1639945093346	1639945093389	OK	 
USER	Delete Author	END	1639945093390
USER	Put Books	END	1639945093391
REQUEST		Get Author	1639945093361	1639945093404	OK	 
USER	Get Authors	END	1639945093406
USER	Post/Get Author by ID	END	1639945093421
REQUEST		Post Author	1639945093376	1639945093549	OK	 
REQUEST		Put Author	1639945093376	1639945093550	OK	 
REQUEST		Post Author	1639945093376	1639945093559	OK	 
USER	Delete Author	START	1639945093575
USER	Put Books	START	1639945093575
USER	Post/Get Author by ID	START	1639945093575
USER	Get Authors	START	1639945093576
REQUEST		Get Author by ID	1639945093377	1639945093590	OK	 
REQUEST		Delete Author	1639945093551	1639945093595	OK	 
USER	Delete Author	END	1639945093595
REQUEST		Put Author	1639945093559	1639945093603	OK	 
REQUEST		Get Author	1639945093560	1639945093604	KO	status.find.in(200,201,202,203,204,205,206,207,208,209,304), found 404
USER	Get Authors	END	1639945093606
USER	Post/Get Author by ID	END	1639945093606
USER	Put Books	END	1639945093606
REQUEST		Post Author	1639945093575	1639945093737	OK	 
REQUEST		Post Author	1639945093575	1639945093741	OK	 
REQUEST		Put Author	1639945093576	1639945093742	OK	 
REQUEST		Put Author	1639945093741	1639945093784	OK	 
REQUEST		Delete Author	1639945093742	1639945093784	OK	 
USER	Delete Author	END	1639945093785
REQUEST		Get Author	1639945093743	1639945093787	KO	status.find.in(200,201,202,203,204,205,206,207,208,209,304), found 404
REQUEST		Get Author by ID	1639945093576	1639945093791	OK	 
USER	Post/Get Author by ID	END	1639945093805
USER	Put Books	END	1639945093805
USER	Get Authors	END	1639945093805
USER	Get Authors	END	1639945093991
REQUEST		Get Author	1639945093959	1639945094005	KO	status.find.in(200,201,202,203,204,205,206,207,208,209,304), found 404
USER	Put Books	END	1639945094006
USER	Post/Get Author by ID	END	1639945094022
REQUEST		Get Author	1639945094147	1639945094192	OK	 
USER	Post/Get Author by ID	END	1639945094194
USER	Get Authors	END	1639945094208
USER	Put Books	END	1639945094209
REQUEST		Get Author	1639945094348	1639945094392	OK	 
USER	Get Authors	END	1639945094395
USER	Put Books	END	1639945094395
USER	Post/Get Author by ID	END	1639945094410
REQUEST		Get Author	1639945094550	1639945094593	KO	status.find.in(200,201,202,203,204,205,206,207,208,209,304), found 404
USER	Get Authors	END	1639945094595
USER	Put Books	END	1639945094610
USER	Post/Get Author by ID	END	1639945094611
USER	Put Books	END	1639945094796
USER	Post/Get Author by ID	END	1639945094796
USER	Get Authors	END	1639945094797
REQUEST		Get Author	1639945094750	1639945094799	KO	status.find.in(200,201,202,203,204,205,206,207,208,209,304), found 404
USER	Post/Get Author by ID	END	1639945095013
USER	Post/Get Author by ID	END	1639945095198
USER	Post/Get Author by ID	END	1639945095398
USER	Post/Get Author by ID	END	1639945095600
USER	Post/Get Author by ID	END	1639945095801
